2025-05-25 21:55:15 - INFO - Skipping file with excluded extension: ChromeSetup.exe
2025-05-25 21:55:15 - INFO - Skipping file with excluded extension: DCDarkLegion_PCLauncher_Setup_ec89357d76 (1).exe
2025-05-25 21:55:15 - INFO - Skipping file with excluded extension: DCDarkLegion_PCLauncher_Setup_ec89357d76.exe
2025-05-25 21:55:15 - INFO - Skipping file with excluded extension: DiscordSetup.exe
2025-05-25 21:55:15 - INFO - Skipping file with excluded extension: GeForce_Experience_v3.28.0.417.exe
2025-05-25 21:55:15 - INFO - Skipping file with excluded extension: Git-2.46.0-64-bit.exe
2025-05-25 21:55:15 - INFO - Skipping file with excluded extension: git-lfs-windows-v3.5.1 (1).exe
2025-05-25 21:55:15 - INFO - Skipping file with excluded extension: git-lfs-windows-v3.5.1 (2).exe
2025-05-25 21:55:15 - INFO - Skipping file with excluded extension: git-lfs-windows-v3.5.1.exe
2025-05-25 21:55:15 - INFO - Skipping file with excluded extension: Interview.Coder-Windows-1.0.21.exe
2025-05-25 21:55:15 - INFO - Skipping file with excluded extension: Native-Access_2 (1).exe
2025-05-25 21:55:15 - INFO - Skipping file with excluded extension: Native-Access_2.exe
2025-05-25 21:55:15 - INFO - Skipping file with excluded extension: OBS-Studio-31.0.1-Windows-Installer (1).exe
2025-05-25 21:55:15 - INFO - Skipping file with excluded extension: OBS-Studio-31.0.1-Windows-Installer.exe
2025-05-25 21:55:15 - INFO - Skipping file with excluded extension: OBS-Studio-31.0.2-Windows-Installer.exe
2025-05-25 21:55:15 - INFO - Skipping file with excluded extension: Obsidian-1.8.7.exe
2025-05-25 21:55:15 - INFO - Skipping file with excluded extension: python-3.12.5-amd64.exe
2025-05-25 21:55:15 - INFO - Skipping file with excluded extension: SoundtoysV54Bundle_5.4.3.17500_64.exe
2025-05-25 21:55:15 - INFO - Skipping file with excluded extension: SteamSetup.exe
2025-05-25 21:55:15 - INFO - Skipping file with excluded extension: UA_Connect_1_4_16_2695_Win (1).exe
2025-05-25 21:55:15 - INFO - Skipping file with excluded extension: UA_Connect_1_4_16_2695_Win.exe
2025-05-25 21:55:15 - INFO - Skipping file with excluded extension: VC_redist.x64 (1).exe
2025-05-25 21:55:15 - INFO - Skipping file with excluded extension: VC_redist.x64.exe
2025-05-25 21:55:15 - INFO - Skipping file with excluded extension: VC_redist.x86.exe
2025-05-25 21:55:15 - INFO - Skipping file with excluded extension: VSCodeUserSetup-x64-1.91.1 (1).exe
2025-05-25 21:55:15 - INFO - Skipping file with excluded extension: VSCodeUserSetup-x64-1.91.1 (2).exe
2025-05-25 21:55:15 - INFO - Skipping file with excluded extension: VSCodeUserSetup-x64-1.91.1 (3).exe
2025-05-25 21:55:15 - INFO - Skipping file with excluded extension: VSCodeUserSetup-x64-1.91.1.exe
2025-05-25 21:55:15 - INFO - Skipping file with excluded extension: VSCodeUserSetup-x64-1.92.1.exe
2025-05-25 21:55:15 - INFO - No data to report
2025-05-25 21:56:24 - INFO - Skipping file with excluded extension: ChromeSetup.exe
2025-05-25 21:56:24 - INFO - Skipping file with excluded extension: DCDarkLegion_PCLauncher_Setup_ec89357d76 (1).exe
2025-05-25 21:56:24 - INFO - Skipping file with excluded extension: DCDarkLegion_PCLauncher_Setup_ec89357d76.exe
2025-05-25 21:56:24 - INFO - Skipping file with excluded extension: DiscordSetup.exe
2025-05-25 21:56:24 - INFO - Skipping file with excluded extension: GeForce_Experience_v3.28.0.417.exe
2025-05-25 21:56:24 - INFO - Skipping file with excluded extension: Git-2.46.0-64-bit.exe
2025-05-25 21:56:24 - INFO - Skipping file with excluded extension: git-lfs-windows-v3.5.1 (1).exe
2025-05-25 21:56:24 - INFO - Skipping file with excluded extension: git-lfs-windows-v3.5.1 (2).exe
2025-05-25 21:56:24 - INFO - Skipping file with excluded extension: git-lfs-windows-v3.5.1.exe
2025-05-25 21:56:24 - INFO - Skipping file with excluded extension: Interview.Coder-Windows-1.0.21.exe
2025-05-25 21:56:24 - INFO - Skipping file with excluded extension: Native-Access_2 (1).exe
2025-05-25 21:56:24 - INFO - Skipping file with excluded extension: Native-Access_2.exe
2025-05-25 21:56:24 - INFO - Skipping file with excluded extension: OBS-Studio-31.0.1-Windows-Installer (1).exe
2025-05-25 21:56:24 - INFO - Skipping file with excluded extension: OBS-Studio-31.0.1-Windows-Installer.exe
2025-05-25 21:56:24 - INFO - Skipping file with excluded extension: OBS-Studio-31.0.2-Windows-Installer.exe
2025-05-25 21:56:24 - INFO - Skipping file with excluded extension: Obsidian-1.8.7.exe
2025-05-25 21:56:24 - INFO - Skipping file with excluded extension: python-3.12.5-amd64.exe
2025-05-25 21:56:24 - INFO - Skipping file with excluded extension: SoundtoysV54Bundle_5.4.3.17500_64.exe
2025-05-25 21:56:24 - INFO - Skipping file with excluded extension: SteamSetup.exe
2025-05-25 21:56:24 - INFO - Skipping file with excluded extension: UA_Connect_1_4_16_2695_Win (1).exe
2025-05-25 21:56:24 - INFO - Skipping file with excluded extension: UA_Connect_1_4_16_2695_Win.exe
2025-05-25 21:56:24 - INFO - Skipping file with excluded extension: VC_redist.x64 (1).exe
2025-05-25 21:56:24 - INFO - Skipping file with excluded extension: VC_redist.x64.exe
2025-05-25 21:56:24 - INFO - Skipping file with excluded extension: VC_redist.x86.exe
2025-05-25 21:56:24 - INFO - Skipping file with excluded extension: VSCodeUserSetup-x64-1.91.1 (1).exe
2025-05-25 21:56:24 - INFO - Skipping file with excluded extension: VSCodeUserSetup-x64-1.91.1 (2).exe
2025-05-25 21:56:24 - INFO - Skipping file with excluded extension: VSCodeUserSetup-x64-1.91.1 (3).exe
2025-05-25 21:56:24 - INFO - Skipping file with excluded extension: VSCodeUserSetup-x64-1.91.1.exe
2025-05-25 21:56:24 - INFO - Skipping file with excluded extension: VSCodeUserSetup-x64-1.92.1.exe
2025-05-25 21:56:24 - INFO - No data to report
2025-05-25 21:58:42 - INFO - Skipping file with excluded extension: ChromeSetup.exe
2025-05-25 21:58:42 - INFO - Skipping file with excluded extension: DCDarkLegion_PCLauncher_Setup_ec89357d76 (1).exe
2025-05-25 21:58:42 - INFO - Skipping file with excluded extension: DCDarkLegion_PCLauncher_Setup_ec89357d76.exe
2025-05-25 21:58:42 - INFO - Skipping file with excluded extension: DiscordSetup.exe
2025-05-25 21:58:42 - INFO - Skipping file with excluded extension: GeForce_Experience_v3.28.0.417.exe
2025-05-25 21:58:42 - INFO - Skipping file with excluded extension: Git-2.46.0-64-bit.exe
2025-05-25 21:58:42 - INFO - Skipping file with excluded extension: git-lfs-windows-v3.5.1 (1).exe
2025-05-25 21:58:42 - INFO - Skipping file with excluded extension: git-lfs-windows-v3.5.1 (2).exe
2025-05-25 21:58:42 - INFO - Skipping file with excluded extension: git-lfs-windows-v3.5.1.exe
2025-05-25 21:58:42 - INFO - Skipping file with excluded extension: Interview.Coder-Windows-1.0.21.exe
2025-05-25 21:58:42 - INFO - Skipping file with excluded extension: Native-Access_2 (1).exe
2025-05-25 21:58:42 - INFO - Skipping file with excluded extension: Native-Access_2.exe
2025-05-25 21:58:42 - INFO - Skipping file with excluded extension: OBS-Studio-31.0.1-Windows-Installer (1).exe
2025-05-25 21:58:42 - INFO - Skipping file with excluded extension: OBS-Studio-31.0.1-Windows-Installer.exe
2025-05-25 21:58:42 - INFO - Skipping file with excluded extension: OBS-Studio-31.0.2-Windows-Installer.exe
2025-05-25 21:58:42 - INFO - Skipping file with excluded extension: Obsidian-1.8.7.exe
2025-05-25 21:58:42 - INFO - Skipping file with excluded extension: python-3.12.5-amd64.exe
2025-05-25 21:58:42 - INFO - Skipping file with excluded extension: SoundtoysV54Bundle_5.4.3.17500_64.exe
2025-05-25 21:58:42 - INFO - Skipping file with excluded extension: SteamSetup.exe
2025-05-25 21:58:42 - INFO - Skipping file with excluded extension: UA_Connect_1_4_16_2695_Win (1).exe
2025-05-25 21:58:42 - INFO - Skipping file with excluded extension: UA_Connect_1_4_16_2695_Win.exe
2025-05-25 21:58:42 - INFO - Skipping file with excluded extension: VC_redist.x64 (1).exe
2025-05-25 21:58:42 - INFO - Skipping file with excluded extension: VC_redist.x64.exe
2025-05-25 21:58:42 - INFO - Skipping file with excluded extension: VC_redist.x86.exe
2025-05-25 21:58:42 - INFO - Skipping file with excluded extension: VSCodeUserSetup-x64-1.91.1 (1).exe
2025-05-25 21:58:42 - INFO - Skipping file with excluded extension: VSCodeUserSetup-x64-1.91.1 (2).exe
2025-05-25 21:58:42 - INFO - Skipping file with excluded extension: VSCodeUserSetup-x64-1.91.1 (3).exe
2025-05-25 21:58:42 - INFO - Skipping file with excluded extension: VSCodeUserSetup-x64-1.91.1.exe
2025-05-25 21:58:42 - INFO - Skipping file with excluded extension: VSCodeUserSetup-x64-1.92.1.exe
2025-05-25 21:58:42 - INFO - File '2024-Resume-main.zip' modified on 2024-10-17 00:37:46.051247 -> subfolder: October 2024
2025-05-25 21:58:42 - INFO - ExtensionRule 'Archives Rule' move '2024-Resume-main.zip' to /mnt/c/Users/lavah/Downloads/Archives/October 2024/2024-Resume-main.zip
2025-05-25 21:58:42 - INFO - File '2024W2_bb5eaf97-76c2-414f-8c55-36e3149ab723.pdf' modified on 2025-01-27 12:42:17.257115 -> subfolder: January 2025
2025-05-25 21:58:42 - INFO - ExtensionRule 'Documents Rule' move '2024W2_bb5eaf97-76c2-414f-8c55-36e3149ab723.pdf' to /mnt/c/Users/lavah/Downloads/Documents/January 2025/2024W2_bb5eaf97-76c2-414f-8c55-36e3149ab723.pdf
2025-05-25 21:58:42 - INFO - Fallback to Others folder 'a65dca70-1576-4379-b1e4-f78a32b824fc.tmp' to '/mnt/c/Users/lavah/Downloads/Others/January 2025/a65dca70-1576-4379-b1e4-f78a32b824fc.tmp'
2025-05-25 21:58:42 - INFO - File 'ableton_live_suite_12.0.15_64.zip' modified on 2024-07-30 04:00:12.929346 -> subfolder: July 2024
2025-05-25 21:58:42 - INFO - ExtensionRule 'Archives Rule' move 'ableton_live_suite_12.0.15_64.zip' to /mnt/c/Users/lavah/Downloads/Archives/July 2024/ableton_live_suite_12.0.15_64.zip
2025-05-25 21:58:42 - INFO - File 'ableton_live_suite_12.1_64.zip' modified on 2024-10-16 13:46:53.897902 -> subfolder: October 2024
2025-05-25 21:58:42 - INFO - ExtensionRule 'Archives Rule' move 'ableton_live_suite_12.1_64.zip' to /mnt/c/Users/lavah/Downloads/Archives/October 2024/ableton_live_suite_12.1_64.zip
2025-05-25 21:58:42 - INFO - Fallback to Others folder 'add_up_to_slower.js' to '/mnt/c/Users/lavah/Downloads/Others/December 2024/add_up_to_slower.js'
2025-05-25 21:58:42 - INFO - File 'ArmouryCrateInstallTool.zip' modified on 2024-08-08 10:57:40.735552 -> subfolder: August 2024
2025-05-25 21:58:42 - INFO - ExtensionRule 'Archives Rule' move 'ArmouryCrateInstallTool.zip' to /mnt/c/Users/lavah/Downloads/Archives/August 2024/ArmouryCrateInstallTool.zip
2025-05-25 21:58:42 - INFO - File 'Borrower 210022437186 - 1098-E Tax Form.pdf' modified on 2025-01-27 18:48:25.657954 -> subfolder: January 2025
2025-05-25 21:58:42 - INFO - ExtensionRule 'Documents Rule' move 'Borrower 210022437186 - 1098-E Tax Form.pdf' to /mnt/c/Users/lavah/Downloads/Documents/January 2025/Borrower 210022437186 - 1098-E Tax Form.pdf
2025-05-25 21:58:42 - INFO - File 'CheckStubReport_20250127183210.pdf' modified on 2025-01-27 18:32:10.383217 -> subfolder: January 2025
2025-05-25 21:58:42 - INFO - ExtensionRule 'Documents Rule' move 'CheckStubReport_20250127183210.pdf' to /mnt/c/Users/lavah/Downloads/Documents/January 2025/CheckStubReport_20250127183210.pdf
2025-05-25 21:58:42 - INFO - Fallback to Others folder 'dorothy-norwoofd-31-7-2024 07_.1.2.serato-stems' to '/mnt/c/Users/lavah/Downloads/Others/July 2024/dorothy-norwoofd-31-7-2024 07_.1.2.serato-stems'
2025-05-25 21:58:42 - INFO - File 'dorothy-norwoofd-31-7-2024 07_.wav' modified on 2024-07-31 11:00:23.151584 -> subfolder: July 2024
2025-05-25 21:58:42 - INFO - ExtensionRule 'Audio Rule' move 'dorothy-norwoofd-31-7-2024 07_.wav' to /mnt/c/Users/lavah/Downloads/Audio/July 2024/dorothy-norwoofd-31-7-2024 07_.wav
2025-05-25 21:58:42 - INFO - Fallback to Others folder 'dorothy-norwoofd-31-7-2024 07_.wav.asd' to '/mnt/c/Users/lavah/Downloads/Others/July 2024/dorothy-norwoofd-31-7-2024 07_.wav.asd'
2025-05-25 21:58:42 - INFO - File 'DroidSansMono.zip' modified on 2025-02-09 15:37:34.014309 -> subfolder: February 2025
2025-05-25 21:58:42 - INFO - ExtensionRule 'Archives Rule' move 'DroidSansMono.zip' to /mnt/c/Users/lavah/Downloads/Archives/February 2025/DroidSansMono.zip
2025-05-25 21:58:42 - INFO - File 'Email alexander.havers13@gmail.com Address7836 Ella Jane. Ln Phone 9803335385 Date of birthJul 13, 1988.pdf' modified on 2025-05-20 19:30:16.160556 -> subfolder: May 2025
2025-05-25 21:58:42 - INFO - ExtensionRule 'Documents Rule' move 'Email alexander.havers13@gmail.com Address7836 Ella Jane. Ln Phone 9803335385 Date of birthJul 13, 1988.pdf' to /mnt/c/Users/lavah/Downloads/Documents/May 2025/Email alexander.havers13@gmail.com Address7836 Ella Jane. Ln Phone 9803335385 Date of birthJul 13, 1988.pdf
2025-05-25 21:58:42 - INFO - File 'Employee W-2 Report_20250127183305.pdf' modified on 2025-01-27 18:33:05.199405 -> subfolder: January 2025
2025-05-25 21:58:42 - INFO - ExtensionRule 'Documents Rule' move 'Employee W-2 Report_20250127183305.pdf' to /mnt/c/Users/lavah/Downloads/Documents/January 2025/Employee W-2 Report_20250127183305.pdf
2025-05-25 21:58:42 - INFO - File 'EnomemRedactedResume.pdf' modified on 2025-02-15 11:58:27.806967 -> subfolder: February 2025
2025-05-25 21:58:42 - INFO - ExtensionRule 'Documents Rule' move 'EnomemRedactedResume.pdf' to /mnt/c/Users/lavah/Downloads/Documents/February 2025/EnomemRedactedResume.pdf
2025-05-25 21:58:42 - INFO - File 'erasebg-transformed.png' modified on 2025-03-02 16:40:59.693676 -> subfolder: March 2025
2025-05-25 21:58:42 - INFO - ExtensionRule 'Pictures Rule' move 'erasebg-transformed.png' to /mnt/c/Users/lavah/Downloads/Pictures/March 2025/erasebg-transformed.png
2025-05-25 21:58:42 - INFO - File 'Form W-9 (Rev. March 2024).pdf' modified on 2024-12-09 14:22:34.204235 -> subfolder: December 2024
2025-05-25 21:58:42 - INFO - ExtensionRule 'Documents Rule' move 'Form W-9 (Rev. March 2024).pdf' to /mnt/c/Users/lavah/Downloads/Documents/December 2024/Form W-9 (Rev. March 2024).pdf
2025-05-25 21:58:42 - INFO - File 'Full Stack Engineer-1 (1).pdf' modified on 2025-04-08 15:57:07.532637 -> subfolder: April 2025
2025-05-25 21:58:42 - INFO - ExtensionRule 'Documents Rule' move 'Full Stack Engineer-1 (1).pdf' to /mnt/c/Users/lavah/Downloads/Documents/April 2025/Full Stack Engineer-1 (1).pdf
2025-05-25 21:58:42 - INFO - File 'Full Stack Engineer-1.pdf' modified on 2025-04-08 15:52:27.694708 -> subfolder: April 2025
2025-05-25 21:58:42 - INFO - ExtensionRule 'Documents Rule' move 'Full Stack Engineer-1.pdf' to /mnt/c/Users/lavah/Downloads/Documents/April 2025/Full Stack Engineer-1.pdf
2025-05-25 21:58:42 - INFO - File 'JetBrains_Mono.zip' modified on 2024-12-01 02:21:43.927348 -> subfolder: December 2024
2025-05-25 21:58:42 - INFO - ExtensionRule 'Archives Rule' move 'JetBrains_Mono.zip' to /mnt/c/Users/lavah/Downloads/Archives/December 2024/JetBrains_Mono.zip
2025-05-25 21:58:42 - INFO - File 'July21st2024.mp3' modified on 2024-10-15 14:13:15.979357 -> subfolder: October 2024
2025-05-25 21:58:42 - INFO - ExtensionRule 'Audio Rule' move 'July21st2024.mp3' to /mnt/c/Users/lavah/Downloads/Audio/October 2024/July21st2024.mp3
2025-05-25 21:58:42 - INFO - File 'L-Connect_3_V2.0.14_X64_2024_0604.ZIP' modified on 2024-08-08 02:53:58.849189 -> subfolder: August 2024
2025-05-25 21:58:42 - INFO - ExtensionRule 'Archives Rule' move 'L-Connect_3_V2.0.14_X64_2024_0604.ZIP' to /mnt/c/Users/lavah/Downloads/Archives/August 2024/L-Connect_3_V2.0.14_X64_2024_0604.ZIP
2025-05-25 21:58:42 - INFO - File 'L-Connect_3_V2.0.17_X64_2024_0715 (1).ZIP' modified on 2024-08-08 10:46:21.121691 -> subfolder: August 2024
2025-05-25 21:58:42 - INFO - ExtensionRule 'Archives Rule' move 'L-Connect_3_V2.0.17_X64_2024_0715 (1).ZIP' to /mnt/c/Users/lavah/Downloads/Archives/August 2024/L-Connect_3_V2.0.17_X64_2024_0715 (1).ZIP
2025-05-25 21:58:42 - INFO - File 'L-Connect_3_V2.0.17_X64_2024_0715.ZIP' modified on 2024-08-08 02:37:14.593145 -> subfolder: August 2024
2025-05-25 21:58:42 - INFO - ExtensionRule 'Archives Rule' move 'L-Connect_3_V2.0.17_X64_2024_0715.ZIP' to /mnt/c/Users/lavah/Downloads/Archives/August 2024/L-Connect_3_V2.0.17_X64_2024_0715.ZIP
2025-05-25 21:58:42 - INFO - Fallback to Others folder 'node-v20.16.0-x64 (1).msi' to '/mnt/c/Users/lavah/Downloads/Others/July 2024/node-v20.16.0-x64 (1).msi'
2025-05-25 21:58:42 - INFO - Fallback to Others folder 'node-v20.16.0-x64 (2).msi' to '/mnt/c/Users/lavah/Downloads/Others/July 2024/node-v20.16.0-x64 (2).msi'
2025-05-25 21:58:42 - INFO - Fallback to Others folder 'node-v20.16.0-x64 (3).msi' to '/mnt/c/Users/lavah/Downloads/Others/July 2024/node-v20.16.0-x64 (3).msi'
2025-05-25 21:58:42 - INFO - Fallback to Others folder 'node-v20.16.0-x64 (4).msi' to '/mnt/c/Users/lavah/Downloads/Others/July 2024/node-v20.16.0-x64 (4).msi'
2025-05-25 21:58:42 - INFO - Fallback to Others folder 'node-v20.16.0-x64.msi' to '/mnt/c/Users/lavah/Downloads/Others/July 2024/node-v20.16.0-x64.msi'
2025-05-25 21:58:42 - INFO - Fallback to Others folder 'node-v20.16.0-x86.msi' to '/mnt/c/Users/lavah/Downloads/Others/July 2024/node-v20.16.0-x86.msi'
2025-05-25 21:58:42 - INFO - Fallback to Others folder 'node-v22.12.0-x64.msi' to '/mnt/c/Users/lavah/Downloads/Others/December 2024/node-v22.12.0-x64.msi'
2025-05-25 21:58:42 - INFO - File 'recording-31-7-2024 07_57_47.wav' modified on 2024-07-31 10:59:27.937906 -> subfolder: July 2024
2025-05-25 21:58:42 - INFO - ExtensionRule 'Audio Rule' move 'recording-31-7-2024 07_57_47.wav' to /mnt/c/Users/lavah/Downloads/Audio/July 2024/recording-31-7-2024 07_57_47.wav
2025-05-25 21:58:42 - INFO - File 'red-garland-31-7-2024 07_29_14.wav' modified on 2024-07-31 10:30:17.026902 -> subfolder: July 2024
2025-05-25 21:58:43 - INFO - ExtensionRule 'Audio Rule' move 'red-garland-31-7-2024 07_29_14.wav' to /mnt/c/Users/lavah/Downloads/Audio/July 2024/red-garland-31-7-2024 07_29_14.wav
2025-05-25 21:58:43 - INFO - File 'Serato Sample 2.0.0.zip' modified on 2024-07-31 09:13:51.789666 -> subfolder: July 2024
2025-05-25 21:58:43 - INFO - ExtensionRule 'Archives Rule' move 'Serato Sample 2.0.0.zip' to /mnt/c/Users/lavah/Downloads/Archives/July 2024/Serato Sample 2.0.0.zip
2025-05-25 21:58:43 - INFO - No data to report
2025-05-25 22:25:04 - INFO - Skipping file with excluded extension: ChromeSetup.exe
2025-05-25 22:25:04 - INFO - Skipping file with excluded extension: DCDarkLegion_PCLauncher_Setup_ec89357d76 (1).exe
2025-05-25 22:25:04 - INFO - Skipping file with excluded extension: DCDarkLegion_PCLauncher_Setup_ec89357d76.exe
2025-05-25 22:25:04 - INFO - Skipping file with excluded extension: DiscordSetup.exe
2025-05-25 22:25:04 - INFO - Skipping file with excluded extension: GeForce_Experience_v3.28.0.417.exe
2025-05-25 22:25:04 - INFO - Skipping file with excluded extension: Git-2.46.0-64-bit.exe
2025-05-25 22:25:04 - INFO - Skipping file with excluded extension: git-lfs-windows-v3.5.1 (1).exe
2025-05-25 22:25:04 - INFO - Skipping file with excluded extension: git-lfs-windows-v3.5.1 (2).exe
2025-05-25 22:25:04 - INFO - Skipping file with excluded extension: git-lfs-windows-v3.5.1.exe
2025-05-25 22:25:04 - INFO - Skipping file with excluded extension: Interview.Coder-Windows-1.0.21.exe
2025-05-25 22:25:04 - INFO - Skipping file with excluded extension: Native-Access_2 (1).exe
2025-05-25 22:25:04 - INFO - Skipping file with excluded extension: Native-Access_2.exe
2025-05-25 22:25:04 - INFO - Skipping file with excluded extension: OBS-Studio-31.0.1-Windows-Installer (1).exe
2025-05-25 22:25:04 - INFO - Skipping file with excluded extension: OBS-Studio-31.0.1-Windows-Installer.exe
2025-05-25 22:25:04 - INFO - Skipping file with excluded extension: OBS-Studio-31.0.2-Windows-Installer.exe
2025-05-25 22:25:04 - INFO - Skipping file with excluded extension: Obsidian-1.8.7.exe
2025-05-25 22:25:04 - INFO - Skipping file with excluded extension: python-3.12.5-amd64.exe
2025-05-25 22:25:04 - INFO - Skipping file with excluded extension: SoundtoysV54Bundle_5.4.3.17500_64.exe
2025-05-25 22:25:04 - INFO - Skipping file with excluded extension: SteamSetup.exe
2025-05-25 22:25:04 - INFO - Skipping file with excluded extension: UA_Connect_1_4_16_2695_Win (1).exe
2025-05-25 22:25:04 - INFO - Skipping file with excluded extension: UA_Connect_1_4_16_2695_Win.exe
2025-05-25 22:25:04 - INFO - Skipping file with excluded extension: VC_redist.x64 (1).exe
2025-05-25 22:25:04 - INFO - Skipping file with excluded extension: VC_redist.x64.exe
2025-05-25 22:25:04 - INFO - Skipping file with excluded extension: VC_redist.x86.exe
2025-05-25 22:25:04 - INFO - Skipping file with excluded extension: VSCodeUserSetup-x64-1.91.1 (1).exe
2025-05-25 22:25:04 - INFO - Skipping file with excluded extension: VSCodeUserSetup-x64-1.91.1 (2).exe
2025-05-25 22:25:04 - INFO - Skipping file with excluded extension: VSCodeUserSetup-x64-1.91.1 (3).exe
2025-05-25 22:25:04 - INFO - Skipping file with excluded extension: VSCodeUserSetup-x64-1.91.1.exe
2025-05-25 22:25:04 - INFO - Skipping file with excluded extension: VSCodeUserSetup-x64-1.92.1.exe
2025-05-25 22:25:04 - INFO - File '2024-Resume-main.zip' modified on 2024-10-17 00:37:46.051247 -> subfolder: October 2024
2025-05-25 22:25:04 - INFO - ExtensionRule 'Archives Rule' move '2024-Resume-main.zip' to /mnt/c/Users/lavah/Downloads/Archives/October 2024/2024-Resume-main.zip
2025-05-25 22:25:04 - INFO - [RECORD ADDED] Report entry added for '2024-Resume-main.zip'
2025-05-25 22:25:04 - INFO - File '2024W2_bb5eaf97-76c2-414f-8c55-36e3149ab723.pdf' modified on 2025-01-27 12:42:17.257115 -> subfolder: January 2025
2025-05-25 22:25:04 - INFO - ExtensionRule 'Documents Rule' move '2024W2_bb5eaf97-76c2-414f-8c55-36e3149ab723.pdf' to /mnt/c/Users/lavah/Downloads/Documents/January 2025/2024W2_bb5eaf97-76c2-414f-8c55-36e3149ab723.pdf
2025-05-25 22:25:04 - INFO - [RECORD ADDED] Report entry added for '2024W2_bb5eaf97-76c2-414f-8c55-36e3149ab723.pdf'
2025-05-25 22:25:04 - INFO - Fallback to Others folder 'a65dca70-1576-4379-b1e4-f78a32b824fc.tmp' to '/mnt/c/Users/lavah/Downloads/Others/January 2025/a65dca70-1576-4379-b1e4-f78a32b824fc.tmp'
2025-05-25 22:25:04 - INFO - [RECORD ADDED] Report entry added for 'a65dca70-1576-4379-b1e4-f78a32b824fc.tmp'
2025-05-25 22:25:04 - INFO - File 'ableton_live_suite_12.0.15_64.zip' modified on 2024-07-30 04:00:12.929346 -> subfolder: July 2024
2025-05-25 22:25:04 - INFO - ExtensionRule 'Archives Rule' move 'ableton_live_suite_12.0.15_64.zip' to /mnt/c/Users/lavah/Downloads/Archives/July 2024/ableton_live_suite_12.0.15_64.zip
2025-05-25 22:25:04 - INFO - [RECORD ADDED] Report entry added for 'ableton_live_suite_12.0.15_64.zip'
2025-05-25 22:25:04 - INFO - File 'ableton_live_suite_12.1_64.zip' modified on 2024-10-16 13:46:53.897902 -> subfolder: October 2024
2025-05-25 22:25:04 - INFO - ExtensionRule 'Archives Rule' move 'ableton_live_suite_12.1_64.zip' to /mnt/c/Users/lavah/Downloads/Archives/October 2024/ableton_live_suite_12.1_64.zip
2025-05-25 22:25:04 - INFO - [RECORD ADDED] Report entry added for 'ableton_live_suite_12.1_64.zip'
2025-05-25 22:25:04 - INFO - Fallback to Others folder 'add_up_to_slower.js' to '/mnt/c/Users/lavah/Downloads/Others/December 2024/add_up_to_slower.js'
2025-05-25 22:25:04 - INFO - [RECORD ADDED] Report entry added for 'add_up_to_slower.js'
2025-05-25 22:25:04 - INFO - File 'ArmouryCrateInstallTool.zip' modified on 2024-08-08 10:57:40.735552 -> subfolder: August 2024
2025-05-25 22:25:04 - INFO - ExtensionRule 'Archives Rule' move 'ArmouryCrateInstallTool.zip' to /mnt/c/Users/lavah/Downloads/Archives/August 2024/ArmouryCrateInstallTool.zip
2025-05-25 22:25:04 - INFO - [RECORD ADDED] Report entry added for 'ArmouryCrateInstallTool.zip'
2025-05-25 22:25:04 - INFO - File 'Borrower 210022437186 - 1098-E Tax Form.pdf' modified on 2025-01-27 18:48:25.657954 -> subfolder: January 2025
2025-05-25 22:25:04 - INFO - ExtensionRule 'Documents Rule' move 'Borrower 210022437186 - 1098-E Tax Form.pdf' to /mnt/c/Users/lavah/Downloads/Documents/January 2025/Borrower 210022437186 - 1098-E Tax Form.pdf
2025-05-25 22:25:04 - INFO - [RECORD ADDED] Report entry added for 'Borrower 210022437186 - 1098-E Tax Form.pdf'
2025-05-25 22:25:04 - INFO - File 'CheckStubReport_20250127183210.pdf' modified on 2025-01-27 18:32:10.383217 -> subfolder: January 2025
2025-05-25 22:25:04 - INFO - ExtensionRule 'Documents Rule' move 'CheckStubReport_20250127183210.pdf' to /mnt/c/Users/lavah/Downloads/Documents/January 2025/CheckStubReport_20250127183210.pdf
2025-05-25 22:25:04 - INFO - [RECORD ADDED] Report entry added for 'CheckStubReport_20250127183210.pdf'
2025-05-25 22:25:04 - INFO - Fallback to Others folder 'dorothy-norwoofd-31-7-2024 07_.1.2.serato-stems' to '/mnt/c/Users/lavah/Downloads/Others/July 2024/dorothy-norwoofd-31-7-2024 07_.1.2.serato-stems'
2025-05-25 22:25:04 - INFO - [RECORD ADDED] Report entry added for 'dorothy-norwoofd-31-7-2024 07_.1.2.serato-stems'
2025-05-25 22:25:04 - INFO - File 'dorothy-norwoofd-31-7-2024 07_.wav' modified on 2024-07-31 11:00:23.151584 -> subfolder: July 2024
2025-05-25 22:25:04 - INFO - ExtensionRule 'Audio Rule' move 'dorothy-norwoofd-31-7-2024 07_.wav' to /mnt/c/Users/lavah/Downloads/Audio/July 2024/dorothy-norwoofd-31-7-2024 07_.wav
2025-05-25 22:25:04 - INFO - [RECORD ADDED] Report entry added for 'dorothy-norwoofd-31-7-2024 07_.wav'
2025-05-25 22:25:04 - INFO - Fallback to Others folder 'dorothy-norwoofd-31-7-2024 07_.wav.asd' to '/mnt/c/Users/lavah/Downloads/Others/July 2024/dorothy-norwoofd-31-7-2024 07_.wav.asd'
2025-05-25 22:25:04 - INFO - [RECORD ADDED] Report entry added for 'dorothy-norwoofd-31-7-2024 07_.wav.asd'
2025-05-25 22:25:04 - INFO - File 'DroidSansMono.zip' modified on 2025-02-09 15:37:34.014309 -> subfolder: February 2025
2025-05-25 22:25:04 - INFO - ExtensionRule 'Archives Rule' move 'DroidSansMono.zip' to /mnt/c/Users/lavah/Downloads/Archives/February 2025/DroidSansMono.zip
2025-05-25 22:25:04 - INFO - [RECORD ADDED] Report entry added for 'DroidSansMono.zip'
2025-05-25 22:25:04 - INFO - File 'Email alexander.havers13@gmail.com Address7836 Ella Jane. Ln Phone 9803335385 Date of birthJul 13, 1988.pdf' modified on 2025-05-20 19:30:16.160556 -> subfolder: May 2025
2025-05-25 22:25:04 - INFO - ExtensionRule 'Documents Rule' move 'Email alexander.havers13@gmail.com Address7836 Ella Jane. Ln Phone 9803335385 Date of birthJul 13, 1988.pdf' to /mnt/c/Users/lavah/Downloads/Documents/May 2025/Email alexander.havers13@gmail.com Address7836 Ella Jane. Ln Phone 9803335385 Date of birthJul 13, 1988.pdf
2025-05-25 22:25:04 - INFO - [RECORD ADDED] Report entry added for 'Email alexander.havers13@gmail.com Address7836 Ella Jane. Ln Phone 9803335385 Date of birthJul 13, 1988.pdf'
2025-05-25 22:25:04 - INFO - File 'Employee W-2 Report_20250127183305.pdf' modified on 2025-01-27 18:33:05.199405 -> subfolder: January 2025
2025-05-25 22:25:04 - INFO - ExtensionRule 'Documents Rule' move 'Employee W-2 Report_20250127183305.pdf' to /mnt/c/Users/lavah/Downloads/Documents/January 2025/Employee W-2 Report_20250127183305.pdf
2025-05-25 22:25:04 - INFO - [RECORD ADDED] Report entry added for 'Employee W-2 Report_20250127183305.pdf'
2025-05-25 22:25:04 - INFO - File 'EnomemRedactedResume.pdf' modified on 2025-02-15 11:58:27.806967 -> subfolder: February 2025
2025-05-25 22:25:04 - INFO - ExtensionRule 'Documents Rule' move 'EnomemRedactedResume.pdf' to /mnt/c/Users/lavah/Downloads/Documents/February 2025/EnomemRedactedResume.pdf
2025-05-25 22:25:04 - INFO - [RECORD ADDED] Report entry added for 'EnomemRedactedResume.pdf'
2025-05-25 22:25:04 - INFO - File 'erasebg-transformed.png' modified on 2025-03-02 16:40:59.693676 -> subfolder: March 2025
2025-05-25 22:25:04 - INFO - ExtensionRule 'Pictures Rule' move 'erasebg-transformed.png' to /mnt/c/Users/lavah/Downloads/Pictures/March 2025/erasebg-transformed.png
2025-05-25 22:25:04 - INFO - [RECORD ADDED] Report entry added for 'erasebg-transformed.png'
2025-05-25 22:25:04 - INFO - File 'Form W-9 (Rev. March 2024).pdf' modified on 2024-12-09 14:22:34.204235 -> subfolder: December 2024
2025-05-25 22:25:04 - INFO - ExtensionRule 'Documents Rule' move 'Form W-9 (Rev. March 2024).pdf' to /mnt/c/Users/lavah/Downloads/Documents/December 2024/Form W-9 (Rev. March 2024).pdf
2025-05-25 22:25:04 - INFO - [RECORD ADDED] Report entry added for 'Form W-9 (Rev. March 2024).pdf'
2025-05-25 22:25:04 - INFO - File 'Full Stack Engineer-1 (1).pdf' modified on 2025-04-08 15:57:07.532637 -> subfolder: April 2025
2025-05-25 22:25:04 - INFO - ExtensionRule 'Documents Rule' move 'Full Stack Engineer-1 (1).pdf' to /mnt/c/Users/lavah/Downloads/Documents/April 2025/Full Stack Engineer-1 (1).pdf
2025-05-25 22:25:04 - INFO - [RECORD ADDED] Report entry added for 'Full Stack Engineer-1 (1).pdf'
2025-05-25 22:25:04 - INFO - File 'Full Stack Engineer-1.pdf' modified on 2025-04-08 15:52:27.694708 -> subfolder: April 2025
2025-05-25 22:25:04 - INFO - ExtensionRule 'Documents Rule' move 'Full Stack Engineer-1.pdf' to /mnt/c/Users/lavah/Downloads/Documents/April 2025/Full Stack Engineer-1.pdf
2025-05-25 22:25:04 - INFO - [RECORD ADDED] Report entry added for 'Full Stack Engineer-1.pdf'
2025-05-25 22:25:04 - INFO - File 'JetBrains_Mono.zip' modified on 2024-12-01 02:21:43.927348 -> subfolder: December 2024
2025-05-25 22:25:04 - INFO - ExtensionRule 'Archives Rule' move 'JetBrains_Mono.zip' to /mnt/c/Users/lavah/Downloads/Archives/December 2024/JetBrains_Mono.zip
2025-05-25 22:25:04 - INFO - [RECORD ADDED] Report entry added for 'JetBrains_Mono.zip'
2025-05-25 22:25:04 - INFO - File 'July21st2024.mp3' modified on 2024-10-15 14:13:15.979357 -> subfolder: October 2024
2025-05-25 22:25:04 - INFO - ExtensionRule 'Audio Rule' move 'July21st2024.mp3' to /mnt/c/Users/lavah/Downloads/Audio/October 2024/July21st2024.mp3
2025-05-25 22:25:04 - INFO - [RECORD ADDED] Report entry added for 'July21st2024.mp3'
2025-05-25 22:25:04 - INFO - File 'L-Connect_3_V2.0.14_X64_2024_0604.ZIP' modified on 2024-08-08 02:53:58.849189 -> subfolder: August 2024
2025-05-25 22:25:04 - INFO - ExtensionRule 'Archives Rule' move 'L-Connect_3_V2.0.14_X64_2024_0604.ZIP' to /mnt/c/Users/lavah/Downloads/Archives/August 2024/L-Connect_3_V2.0.14_X64_2024_0604.ZIP
2025-05-25 22:25:04 - INFO - [RECORD ADDED] Report entry added for 'L-Connect_3_V2.0.14_X64_2024_0604.ZIP'
2025-05-25 22:25:04 - INFO - File 'L-Connect_3_V2.0.17_X64_2024_0715 (1).ZIP' modified on 2024-08-08 10:46:21.121691 -> subfolder: August 2024
2025-05-25 22:25:04 - INFO - ExtensionRule 'Archives Rule' move 'L-Connect_3_V2.0.17_X64_2024_0715 (1).ZIP' to /mnt/c/Users/lavah/Downloads/Archives/August 2024/L-Connect_3_V2.0.17_X64_2024_0715 (1).ZIP
2025-05-25 22:25:04 - INFO - [RECORD ADDED] Report entry added for 'L-Connect_3_V2.0.17_X64_2024_0715 (1).ZIP'
2025-05-25 22:25:04 - INFO - File 'L-Connect_3_V2.0.17_X64_2024_0715.ZIP' modified on 2024-08-08 02:37:14.593145 -> subfolder: August 2024
2025-05-25 22:25:04 - INFO - ExtensionRule 'Archives Rule' move 'L-Connect_3_V2.0.17_X64_2024_0715.ZIP' to /mnt/c/Users/lavah/Downloads/Archives/August 2024/L-Connect_3_V2.0.17_X64_2024_0715.ZIP
2025-05-25 22:25:04 - INFO - [RECORD ADDED] Report entry added for 'L-Connect_3_V2.0.17_X64_2024_0715.ZIP'
2025-05-25 22:25:04 - INFO - Fallback to Others folder 'node-v20.16.0-x64 (1).msi' to '/mnt/c/Users/lavah/Downloads/Others/July 2024/node-v20.16.0-x64 (1).msi'
2025-05-25 22:25:04 - INFO - [RECORD ADDED] Report entry added for 'node-v20.16.0-x64 (1).msi'
2025-05-25 22:25:04 - INFO - Fallback to Others folder 'node-v20.16.0-x64 (2).msi' to '/mnt/c/Users/lavah/Downloads/Others/July 2024/node-v20.16.0-x64 (2).msi'
2025-05-25 22:25:04 - INFO - [RECORD ADDED] Report entry added for 'node-v20.16.0-x64 (2).msi'
2025-05-25 22:25:04 - INFO - Fallback to Others folder 'node-v20.16.0-x64 (3).msi' to '/mnt/c/Users/lavah/Downloads/Others/July 2024/node-v20.16.0-x64 (3).msi'
2025-05-25 22:25:04 - INFO - [RECORD ADDED] Report entry added for 'node-v20.16.0-x64 (3).msi'
2025-05-25 22:25:04 - INFO - Fallback to Others folder 'node-v20.16.0-x64 (4).msi' to '/mnt/c/Users/lavah/Downloads/Others/July 2024/node-v20.16.0-x64 (4).msi'
2025-05-25 22:25:04 - INFO - [RECORD ADDED] Report entry added for 'node-v20.16.0-x64 (4).msi'
2025-05-25 22:25:04 - INFO - Fallback to Others folder 'node-v20.16.0-x64.msi' to '/mnt/c/Users/lavah/Downloads/Others/July 2024/node-v20.16.0-x64.msi'
2025-05-25 22:25:04 - INFO - [RECORD ADDED] Report entry added for 'node-v20.16.0-x64.msi'
2025-05-25 22:25:04 - INFO - Fallback to Others folder 'node-v20.16.0-x86.msi' to '/mnt/c/Users/lavah/Downloads/Others/July 2024/node-v20.16.0-x86.msi'
2025-05-25 22:25:04 - INFO - [RECORD ADDED] Report entry added for 'node-v20.16.0-x86.msi'
2025-05-25 22:25:04 - INFO - Fallback to Others folder 'node-v22.12.0-x64.msi' to '/mnt/c/Users/lavah/Downloads/Others/December 2024/node-v22.12.0-x64.msi'
2025-05-25 22:25:04 - INFO - [RECORD ADDED] Report entry added for 'node-v22.12.0-x64.msi'
2025-05-25 22:25:04 - INFO - File 'recording-31-7-2024 07_57_47.wav' modified on 2024-07-31 10:59:27.937906 -> subfolder: July 2024
2025-05-25 22:25:04 - INFO - ExtensionRule 'Audio Rule' move 'recording-31-7-2024 07_57_47.wav' to /mnt/c/Users/lavah/Downloads/Audio/July 2024/recording-31-7-2024 07_57_47.wav
2025-05-25 22:25:04 - INFO - [RECORD ADDED] Report entry added for 'recording-31-7-2024 07_57_47.wav'
2025-05-25 22:25:04 - INFO - File 'red-garland-31-7-2024 07_29_14.wav' modified on 2024-07-31 10:30:17.026902 -> subfolder: July 2024
2025-05-25 22:25:04 - INFO - ExtensionRule 'Audio Rule' move 'red-garland-31-7-2024 07_29_14.wav' to /mnt/c/Users/lavah/Downloads/Audio/July 2024/red-garland-31-7-2024 07_29_14.wav
2025-05-25 22:25:04 - INFO - [RECORD ADDED] Report entry added for 'red-garland-31-7-2024 07_29_14.wav'
2025-05-25 22:25:04 - INFO - File 'Serato Sample 2.0.0.zip' modified on 2024-07-31 09:13:51.789666 -> subfolder: July 2024
2025-05-25 22:25:04 - INFO - ExtensionRule 'Archives Rule' move 'Serato Sample 2.0.0.zip' to /mnt/c/Users/lavah/Downloads/Archives/July 2024/Serato Sample 2.0.0.zip
2025-05-25 22:25:04 - INFO - [RECORD ADDED] Report entry added for 'Serato Sample 2.0.0.zip'
2025-05-25 22:25:04 - INFO - CSV report generated: /mnt/c/Users/lavah/Downloads/report.csv
